This is pdfTeX, Version 3.14159265-2.6-1.40.20 (TeX Live 2019/Arch Linux) (preloaded format=pdftex 2019.11.14)  28 NOV 2019 18:45
entering extended mode
 restricted \write18 enabled.
 %&-line parsing enabled.
**template.tex
(./template.tex
! Undefined control sequence.
l.1 \documentclass
                  [conference]{IEEEtran}
? 
! Undefined control sequence.
l.2 \IEEEoverridecommandlockouts
                                
? 
! Undefined control sequence.
l.4 \usepackage
               {cite}
? 
! Undefined control sequence.
l.5 \usepackage
               {amsmath,amssymb,amsfonts}
? 
! Undefined control sequence.
l.6 \usepackage
               {algorithmic}
? 
! Undefined control sequence.
l.7 \usepackage
               {graphicx}
? 
! Undefined control sequence.
l.8 \usepackage
               {textcomp}
? 
! Undefined control sequence.
l.9 \usepackage
               {xcolor}
? 
! Undefined control sequence.
l.12 \begin
           {document}
? 
! Undefined control sequence.
l.14 \title
           {Paper Title*\\
? 
! Argument of \\ has an extra }.
<inserted text> 
                \par 
<to be read again> 
                   }
l.18 }
      
? 
Runaway argument?
 {\footnotesize \textsuperscript {*}Note: Sub-titles are not captured\ETC.
! Paragraph ended before \\ was complete.
<to be read again> 
                   \par 
<to be read again> 
                   }
l.18 }
      
? 
! Undefined control sequence.
l.20 \author
            {\IEEEauthorblockN{1\textsuperscript{st} Given Name Surname}
? 
! Undefined control sequence.
l.20 \author{\IEEEauthorblockN
                              {1\textsuperscript{st} Given Name Surname}
? 
! Undefined control sequence.
l.20 \author{\IEEEauthorblockN{1\textsuperscript
                                                {st} Given Name Surname}
? 
! Undefined control sequence.
l.21 \IEEEauthorblockA
                      {\textit{dept. name of organization (of Aff.)} \\
? 
! Undefined control sequence.
l.21 \IEEEauthorblockA{\textit
                              {dept. name of organization (of Aff.)} \\
? 
! Argument of \\ has an extra }.
<inserted text> 
                \par 
<to be read again> 
                   }
l.24 email address}
                   
? 
Runaway argument?
 \textit {name of organization (of Aff.)}\\ City, Country \\ email ad\ETC.
! Paragraph ended before \\ was complete.
<to be read again> 
                   \par 
<to be read again> 
                   }
l.24 email address}
                   
? 
! Undefined control sequence.
l.25 \and
         
? 
! Undefined control sequence.
l.26 \IEEEauthorblockN
                      {2\textsuperscript{nd} Given Name Surname}
? 
! Undefined control sequence.
l.26 \IEEEauthorblockN{2\textsuperscript
                                        {nd} Given Name Surname}
? 
! Undefined control sequence.
l.27 \IEEEauthorblockA
                      {\textit{dept. name of organization (of Aff.)} \\
? 
! Undefined control sequence.
l.27 \IEEEauthorblockA{\textit
                              {dept. name of organization (of Aff.)} \\
? 
! Argument of \\ has an extra }.
<inserted text> 
                \par 
<to be read again> 
                   }
l.30 email address}
                   
? 
Runaway argument?
 \textit {name of organization (of Aff.)}\\ City, Country \\ email ad\ETC.
! Paragraph ended before \\ was complete.
<to be read again> 
                   \par 
<to be read again> 
                   }
l.30 email address}
                   
? 
! Undefined control sequence.
l.31 \and
         
? 
! Undefined control sequence.
l.32 \IEEEauthorblockN
                      {3\textsuperscript{rd} Given Name Surname}
? 
! Undefined control sequence.
l.32 \IEEEauthorblockN{3\textsuperscript
                                        {rd} Given Name Surname}
? 
! Undefined control sequence.
l.33 \IEEEauthorblockA
                      {\textit{dept. name of organization (of Aff.)} \\
? 
! Undefined control sequence.
l.33 \IEEEauthorblockA{\textit
                              {dept. name of organization (of Aff.)} \\
? 
! Argument of \\ has an extra }.
<inserted text> 
                \par 
<to be read again> 
                   }
l.36 email address}
                   
? 
Runaway argument?
 \textit {name of organization (of Aff.)}\\ City, Country \\ email ad\ETC.
! Paragraph ended before \\ was complete.
<to be read again> 
                   \par 
<to be read again> 
                   }
l.36 email address}
                   
? 
! Undefined control sequence.
l.37 \and
         
? 
! Undefined control sequence.
l.38 \IEEEauthorblockN
                      {4\textsuperscript{th} Given Name Surname}
? 
! Undefined control sequence.
l.38 \IEEEauthorblockN{4\textsuperscript
                                        {th} Given Name Surname}
? 
! Undefined control sequence.
l.39 \IEEEauthorblockA
                      {\textit{dept. name of organization (of Aff.)} \\
? 
! Undefined control sequence.
l.39 \IEEEauthorblockA{\textit
                              {dept. name of organization (of Aff.)} \\
? 
! Argument of \\ has an extra }.
<inserted text> 
                \par 
<to be read again> 
                   }
l.42 email address}
                   
? 
Runaway argument?
 \textit {name of organization (of Aff.)}\\ City, Country \\ email ad\ETC.
! Paragraph ended before \\ was complete.
<to be read again> 
                   \par 
<to be read again> 
                   }
l.42 email address}
                   
? 
! Undefined control sequence.
l.43 \and
         
? 
! Undefined control sequence.
l.44 \IEEEauthorblockN
                      {5\textsuperscript{th} Given Name Surname}
? 
! Undefined control sequence.
l.44 \IEEEauthorblockN{5\textsuperscript
                                        {th} Given Name Surname}
? 
! Undefined control sequence.
l.45 \IEEEauthorblockA
                      {\textit{dept. name of organization (of Aff.)} \\
? 
! Undefined control sequence.
l.45 \IEEEauthorblockA{\textit
                              {dept. name of organization (of Aff.)} \\
? 
! Argument of \\ has an extra }.
<inserted text> 
                \par 
<to be read again> 
                   }
l.48 email address}
                   
? 
Runaway argument?
 \textit {name of organization (of Aff.)}\\ City, Country \\ email ad\ETC.
! Paragraph ended before \\ was complete.
<to be read again> 
                   \par 
<to be read again> 
                   }
l.48 email address}
                   
? 
! Undefined control sequence.
l.49 \and
         
? 
! Undefined control sequence.
l.50 \IEEEauthorblockN
                      {6\textsuperscript{th} Given Name Surname}
? 
! Undefined control sequence.
l.50 \IEEEauthorblockN{6\textsuperscript
                                        {th} Given Name Surname}
? 
! Undefined control sequence.
l.51 \IEEEauthorblockA
                      {\textit{dept. name of organization (of Aff.)} \\
? 
! Undefined control sequence.
l.51 \IEEEauthorblockA{\textit
                              {dept. name of organization (of Aff.)} \\
? 
! Argument of \\ has an extra }.
<inserted text> 
                \par 
<to be read again> 
                   }
l.54 email address}
                   
? 
Runaway argument?
 \textit {name of organization (of Aff.)}\\ City, Country \\ email ad\ETC.
! Paragraph ended before \\ was complete.
<to be read again> 
                   \par 
<to be read again> 
                   }
l.54 email address}
                   
? 
! Undefined control sequence.
l.57 \maketitle
               
? 
! Undefined control sequence.
l.59 \begin
           {abstract}
? 
! Undefined control sequence.
l.60 ...ent is a model and instructions for \LaTeX
                                                  .
? 
[1{/var/lib/texmf/fonts/map/pdftex/updmap/pdftex.map}] )</usr/share/texmf-dist/
fonts/type1/public/amsfonts/cm/cmr10.pfb>
Output written on template.pdf (1 page, 21211 bytes).
PDF statistics:
 12 PDF objects out of 1000 (max. 8388607)
 7 compressed objects within 1 object stream
 0 named destinations out of 1000 (max. 500000)
 1 words of extra memory for PDF output out of 10000 (max. 10000000)

